<?xml version="1.0" encoding="UTF-8"?>
<!-- Generated by org.testng.reporters.JUnitReportReporter -->
<testsuite hostname="LAPTOP-11JHLVTU" failures="0" tests="1" name="screenshots.SelectedWebElementScreenshot" time="4.582" errors="0" timestamp="2024-03-26T17:41:58 IST" skipped="0">
  <testcase classname="screenshots.SelectedWebElementScreenshot" name="google" time="4.582"/>
  <system-out/>
</testsuite> <!-- screenshots.SelectedWebElementScreenshot -->
