<?xml version="1.0" encoding="UTF-8"?>
<!-- Generated by org.testng.reporters.JUnitReportReporter -->
<testsuite hostname="LAPTOP-11JHLVTU" failures="0" tests="6" name="testng.TestNG_6_Description_feature" time="17.843" errors="0" timestamp="2024-03-14T16:40:07 IST" skipped="0">
  <testcase classname="testng.TestNG_6_Description_feature" name="TestCase2" time="3.248"/>
  <system-out/>
  <testcase classname="testng.TestNG_6_Description_feature" name="TestCase5_Business" time="2.021"/>
  <system-out/>
  <testcase classname="testng.TestNG_6_Description_feature" name="TestCase4" time="1.330"/>
  <system-out/>
  <testcase classname="testng.TestNG_6_Description_feature" name="TestCase3" time="4.185"/>
  <system-out/>
  <testcase classname="testng.TestNG_6_Description_feature" name="TestCase6" time="1.425"/>
  <system-out/>
  <testcase classname="testng.TestNG_6_Description_feature" name="TestCase1" time="5.634"/>
  <system-out/>
</testsuite> <!-- testng.TestNG_6_Description_feature -->
