<?xml version="1.0" encoding="UTF-8"?>
<!-- Generated by org.testng.reporters.JUnitReportReporter -->
<testsuite hostname="LAPTOP-11JHLVTU" failures="0" tests="2" name="isdisplayedisenabledisselected.VerifcationMethods" time="10.285" errors="0" timestamp="2024-03-27T16:41:59 IST" skipped="1">
  <testcase classname="isdisplayedisenabledisselected.VerifcationMethods" name="isSelectedMethod" time="10.285"/>
  <system-out/>
  <testcase classname="isdisplayedisenabledisselected.VerifcationMethods" name="isDisplayedMethod">
    <skipped/>
  </testcase> <!-- isDisplayedMethod -->
  <system-out/>
</testsuite> <!-- isdisplayedisenabledisselected.VerifcationMethods -->
