<?xml version="1.0" encoding="UTF-8"?>
<!-- Generated by org.testng.reporters.JUnitReportReporter -->
<testsuite hostname="LAPTOP-11JHLVTU" failures="0" tests="5" name="testng.TestNG_3_Skip_Ignore_Disabled" time="5.815" errors="0" timestamp="2024-03-13T16:48:00 IST" skipped="2">
  <testcase classname="testng.TestNG_3_Skip_Ignore_Disabled" name="selenium" time="1.076"/>
  <system-out/>
  <testcase classname="testng.TestNG_3_Skip_Ignore_Disabled" name="google" time="1.468"/>
  <system-out/>
  <testcase classname="testng.TestNG_3_Skip_Ignore_Disabled" name="gmail" time="3.271"/>
  <system-out/>
  <testcase classname="testng.TestNG_3_Skip_Ignore_Disabled" name="twitter">
    <skipped/>
  </testcase> <!-- twitter -->
  <system-out/>
  <testcase classname="testng.TestNG_3_Skip_Ignore_Disabled" name="facebook">
    <skipped/>
  </testcase> <!-- facebook -->
  <system-out/>
</testsuite> <!-- testng.TestNG_3_Skip_Ignore_Disabled -->
