<?xml version="1.0" encoding="UTF-8"?>
<!-- Generated by org.testng.reporters.JUnitReportReporter -->
<testsuite hostname="LAPTOP-11JHLVTU" failures="0" tests="1" name="pagescrolldownup.ScrollDownandUp" time="0.771" errors="0" timestamp="2024-03-18T16:02:36 IST" skipped="0">
  <testcase classname="pagescrolldownup.ScrollDownandUp" name="IndentifyLoacatorElement" time="0.771"/>
  <system-out/>
</testsuite> <!-- pagescrolldownup.ScrollDownandUp -->
