<?xml version="1.0" encoding="UTF-8"?>
<!-- Generated by org.testng.reporters.JUnitReportReporter -->
<testsuite hostname="LAPTOP-11JHLVTU" failures="0" tests="1" name="alertwindowhandels.AlertWindows" time="15.636" errors="0" timestamp="2024-03-18T16:20:48 IST" skipped="0">
  <testcase classname="alertwindowhandels.AlertWindows" name="alertboxsendtextOkbutton" time="15.636"/>
  <system-out/>
</testsuite> <!-- alertwindowhandels.AlertWindows -->
