<?xml version="1.0" encoding="UTF-8"?>
<!-- Generated by org.testng.reporters.JUnitReportReporter -->
<testsuite hostname="LAPTOP-11JHLVTU" failures="0" tests="8" name="testng.TestNG_8_To_Run_Groups_TCs" time="34.352" errors="0" timestamp="2024-03-15T15:52:43 IST" skipped="0">
  <testcase classname="testng.TestNG_8_To_Run_Groups_TCs" name="selenium" time="19.282"/>
  <system-out/>
  <testcase classname="testng.TestNG_8_To_Run_Groups_TCs" name="gmail" time="1.967"/>
  <system-out/>
  <testcase classname="testng.TestNG_8_To_Run_Groups_TCs" name="zomato" time="2.211"/>
  <system-out/>
  <testcase classname="testng.TestNG_8_To_Run_Groups_TCs" name="swiggy" time="1.716"/>
  <system-out/>
  <testcase classname="testng.TestNG_8_To_Run_Groups_TCs" name="redmine" time="3.905"/>
  <system-out/>
  <testcase classname="testng.TestNG_8_To_Run_Groups_TCs" name="facebook" time="0.993"/>
  <system-out/>
  <testcase classname="testng.TestNG_8_To_Run_Groups_TCs" name="google" time="1.183"/>
  <system-out/>
  <testcase classname="testng.TestNG_8_To_Run_Groups_TCs" name="twitter" time="3.095"/>
  <system-out/>
</testsuite> <!-- testng.TestNG_8_To_Run_Groups_TCs -->
