<?xml version="1.0" encoding="UTF-8"?>
<!-- Generated by org.testng.reporters.JUnitReportReporter -->
<testsuite hostname="LAPTOP-11JHLVTU" failures="0" tests="1" name="newtab.NewTab" time="6.600" errors="0" timestamp="2024-03-20T16:06:42 IST" skipped="0">
  <testcase classname="newtab.NewTab" name="newtab" time="6.600"/>
  <system-out/>
</testsuite> <!-- newtab.NewTab -->
