<?xml version="1.0" encoding="UTF-8"?>
<!-- Generated by org.testng.reporters.JUnitReportReporter -->
<testsuite hostname="LAPTOP-11JHLVTU" failures="0" tests="2" name="testng.TestNG_7_To_Run_TestNG_XML_File" time="2.694" errors="0" timestamp="2024-03-14T16:37:29 IST" skipped="0">
  <testcase classname="testng.TestNG_7_To_Run_TestNG_XML_File" name="google" time="1.576"/>
  <system-out/>
  <testcase classname="testng.TestNG_7_To_Run_TestNG_XML_File" name="selenium" time="1.118"/>
  <system-out/>
</testsuite> <!-- testng.TestNG_7_To_Run_TestNG_XML_File -->
