<?xml version="1.0" encoding="UTF-8"?>
<!-- Generated by org.testng.reporters.JUnitReportReporter -->
<testsuite hostname="LAPTOP-11JHLVTU" failures="0" tests="1" name="dropdownselect.DropDownFeatures" time="22.538" errors="0" timestamp="2024-03-15T16:30:38 IST" skipped="0">
  <testcase classname="dropdownselect.DropDownFeatures" name="dropdownselection" time="22.538"/>
  <system-out/>
</testsuite> <!-- dropdownselect.DropDownFeatures -->
