<?xml version="1.0" encoding="UTF-8"?>
<!-- Generated by org.testng.reporters.JUnitReportReporter -->
<testsuite hostname="LAPTOP-11JHLVTU" failures="0" tests="1" name="screenshots.FullPageScreenshot" time="37.183" errors="0" timestamp="2024-03-26T18:04:59 IST" skipped="0">
  <testcase classname="screenshots.FullPageScreenshot" name="fullpage" time="37.183"/>
  <system-out/>
</testsuite> <!-- screenshots.FullPageScreenshot -->
