<?xml version="1.0" encoding="UTF-8"?>
<!-- Generated by org.testng.reporters.JUnitReportReporter -->
<testsuite hostname="LAPTOP-11JHLVTU" failures="0" tests="2" name="testng.TestNG_4_DependsOnMethods" time="1.656" errors="0" timestamp="2024-03-14T15:43:25 IST" skipped="0">
  <testcase classname="testng.TestNG_4_DependsOnMethods" name="method2" time="1.313"/>
  <system-out/>
  <testcase classname="testng.TestNG_4_DependsOnMethods" name="method1" time="0.343"/>
  <system-out/>
</testsuite> <!-- testng.TestNG_4_DependsOnMethods -->
