<?xml version="1.0" encoding="UTF-8"?>
<!-- Generated by org.testng.reporters.JUnitReportReporter -->
<testsuite hostname="LAPTOP-11JHLVTU" failures="0" tests="1" name="actionsclassprograms.ActionsClassPrograms" time="12.651" errors="0" timestamp="2024-03-19T19:09:11 IST" skipped="0">
  <testcase classname="actionsclassprograms.ActionsClassPrograms" name="keyboardfunctions" time="12.651"/>
  <system-out/>
</testsuite> <!-- actionsclassprograms.ActionsClassPrograms -->
