<?xml version="1.0" encoding="UTF-8"?>
<!-- Generated by org.testng.reporters.JUnitReportReporter -->
<testsuite hostname="LAPTOP-11JHLVTU" failures="0" tests="1" name="screenshots.TimeFormateScreenshot" time="10.232" errors="0" timestamp="2024-03-26T17:31:51 IST" skipped="0">
  <testcase classname="screenshots.TimeFormateScreenshot" name="timeformatescreenshot" time="10.232"/>
  <system-out/>
</testsuite> <!-- screenshots.TimeFormateScreenshot -->
