<?xml version="1.0" encoding="UTF-8"?>
<!-- Generated by org.testng.reporters.JUnitReportReporter -->
<testsuite hostname="LAPTOP-11JHLVTU" failures="0" tests="5" name="testng.TestNG_1_Alphabatical_Order" time="10.728" errors="0" timestamp="2024-03-13T16:16:23 IST" skipped="0">
  <testcase classname="testng.TestNG_1_Alphabatical_Order" name="gmail" time="2.279"/>
  <system-out/>
  <testcase classname="testng.TestNG_1_Alphabatical_Order" name="facebook" time="1.425"/>
  <system-out/>
  <testcase classname="testng.TestNG_1_Alphabatical_Order" name="google" time="3.357"/>
  <system-out/>
  <testcase classname="testng.TestNG_1_Alphabatical_Order" name="selenium" time="1.073"/>
  <system-out/>
  <testcase classname="testng.TestNG_1_Alphabatical_Order" name="twitter" time="2.594"/>
  <system-out/>
</testsuite> <!-- testng.TestNG_1_Alphabatical_Order -->
