<?xml version="1.0" encoding="UTF-8"?>
<!-- Generated by org.testng.reporters.JUnitReportReporter -->
<testsuite hostname="LAPTOP-11JHLVTU" failures="0" tests="4" name="testng.TestNG_9_DataProvider" time="4.670" errors="0" timestamp="2024-03-22T16:13:01 IST" skipped="0">
  <testcase classname="testng.TestNG_9_DataProvider" name="login" time="2.608"/>
  <system-out/>
  <testcase classname="testng.TestNG_9_DataProvider" name="login" time="0.729"/>
  <system-out/>
  <testcase classname="testng.TestNG_9_DataProvider" name="login" time="0.587"/>
  <system-out/>
  <testcase classname="testng.TestNG_9_DataProvider" name="login" time="0.746"/>
  <system-out/>
</testsuite> <!-- testng.TestNG_9_DataProvider -->
