<?xml version="1.0" encoding="UTF-8"?>
<!-- Generated by org.testng.reporters.JUnitReportReporter -->
<testsuite hostname="LAPTOP-11JHLVTU" failures="0" tests="1" name="frames.TestDemo" time="1.606" errors="0" timestamp="2024-04-01T15:30:02 IST" skipped="0">
  <testcase classname="frames.TestDemo" name="f" time="1.606"/>
  <system-out/>
</testsuite> <!-- frames.TestDemo -->
