<?xml version="1.0" encoding="UTF-8"?>
<!-- Generated by org.testng.reporters.JUnitReportReporter -->
<testsuite hostname="LAPTOP-11JHLVTU" failures="0" tests="5" name="testng.TestNG_2_Priority_Order" time="17.762" errors="0" timestamp="2024-03-14T16:40:07 IST" skipped="0">
  <testcase classname="testng.TestNG_2_Priority_Order" name="selenium" time="1.137"/>
  <system-out/>
  <testcase classname="testng.TestNG_2_Priority_Order" name="twitter" time="3.151"/>
  <system-out/>
  <testcase classname="testng.TestNG_2_Priority_Order" name="google" time="5.498"/>
  <system-out/>
  <testcase classname="testng.TestNG_2_Priority_Order" name="gmail" time="6.903"/>
  <system-out/>
  <testcase classname="testng.TestNG_2_Priority_Order" name="facebook" time="1.073"/>
  <system-out/>
</testsuite> <!-- testng.TestNG_2_Priority_Order -->
