<?xml version="1.0" encoding="UTF-8"?>
<!-- Generated by org.testng.reporters.JUnitReportReporter -->
<testsuite hostname="LAPTOP-11JHLVTU" failures="0" tests="2" name="testng.TestNG_5_TimeOut_Feature" time="5.610" errors="0" timestamp="2024-03-14T16:40:07 IST" skipped="0">
  <testcase classname="testng.TestNG_5_TimeOut_Feature" name="method1" time="2.944"/>
  <system-out/>
  <testcase classname="testng.TestNG_5_TimeOut_Feature" name="method2" time="2.666"/>
  <system-out/>
</testsuite> <!-- testng.TestNG_5_TimeOut_Feature -->
