<?xml version="1.0" encoding="UTF-8"?>
<!-- Generated by org.testng.reporters.JUnitReportReporter -->
<testsuite hostname="LAPTOP-11JHLVTU" failures="0" tests="1" name="frames.FramesHandle" time="60.876" errors="0" timestamp="2024-03-20T15:30:22 IST" skipped="0">
  <testcase classname="frames.FramesHandle" name="webpageframes" time="60.876"/>
  <system-out/>
</testsuite> <!-- frames.FramesHandle -->
