<?xml version="1.0" encoding="UTF-8"?>
<!-- Generated by org.testng.reporters.JUnitReportReporter -->
<testsuite hostname="LAPTOP-11JHLVTU" failures="0" tests="1" name="newtab.FramesHandle" time="23.458" errors="0" timestamp="2024-03-20T15:44:48 IST" skipped="0">
  <testcase classname="newtab.FramesHandle" name="newtabfunctionality" time="23.458"/>
  <system-out/>
</testsuite> <!-- newtab.FramesHandle -->
