<?xml version="1.0" encoding="UTF-8"?>
<!-- Generated by org.testng.reporters.JUnitReportReporter -->
<testsuite hostname="LAPTOP-11JHLVTU" failures="0" tests="1" name="log4jtutorial.googlesearch" time="1.689" errors="0" timestamp="2024-03-21T15:48:57 IST" skipped="0">
  <testcase classname="log4jtutorial.googlesearch" name="google" time="1.689"/>
  <system-out/>
</testsuite> <!-- log4jtutorial.googlesearch -->
