<?xml version="1.0" encoding="UTF-8"?>
<!-- Generated by org.testng.reporters.JUnitReportReporter -->
<testsuite hostname="LAPTOP-11JHLVTU" failures="0" tests="1" name="log4jtutorial.Log4jDemo" time="6.499" errors="0" timestamp="2024-03-21T16:16:51 IST" skipped="0">
  <testcase classname="log4jtutorial.Log4jDemo" name="googlesearch" time="6.499"/>
  <system-out/>
</testsuite> <!-- log4jtutorial.Log4jDemo -->
